<?xml version="1.0" encoding="UTF-8"?>
<testsuites name="jests tests" tests="3" failures="3" errors="0" time="4.177">
  <testsuite name="GRAModule" errors="0" failures="3" skipped="0" timestamp="2024-03-29T00:46:08" time="4.091" tests="3">
    <testcase classname="GRAModule should be defined" name="GRAModule should be defined" time="0.025">
      <failure>Error: Nest can&apos;t resolve dependencies of the GRAFilmesEntityRepository (?). Please make sure that the argument DataSource at index [0] is available in the TypeOrmModule context.

Potential solutions:
- Is TypeOrmModule a valid NestJS module?
- If DataSource is a provider, is it part of the current TypeOrmModule?
- If DataSource is exported from a separate @Module, is that module imported within TypeOrmModule?
  @Module({
    imports: [ /* the Module containing DataSource */ ]
  })

    at TestingInjector.lookupComponentInParentModules (/Users/josesilva/Documents/Projetos/apiPiorFilme/node_modules/@nestjs/core/injector/injector.js:241:19)
    at processTicksAndRejections (node:internal/process/task_queues:95:5)
    at async TestingInjector.resolveComponentInstance (/Users/josesilva/Documents/Projetos/apiPiorFilme/node_modules/@nestjs/core/injector/injector.js:194:33)
    at async TestingInjector.resolveComponentInstance (/Users/josesilva/Documents/Projetos/apiPiorFilme/node_modules/@nestjs/testing/testing-injector.js:16:45)
    at async resolveParam (/Users/josesilva/Documents/Projetos/apiPiorFilme/node_modules/@nestjs/core/injector/injector.js:116:38)
    at async Promise.all (index 0)
    at async TestingInjector.resolveConstructorParams (/Users/josesilva/Documents/Projetos/apiPiorFilme/node_modules/@nestjs/core/injector/injector.js:131:27)
    at async TestingInjector.loadInstance (/Users/josesilva/Documents/Projetos/apiPiorFilme/node_modules/@nestjs/core/injector/injector.js:57:13)
    at async TestingInjector.loadProvider (/Users/josesilva/Documents/Projetos/apiPiorFilme/node_modules/@nestjs/core/injector/injector.js:84:9)
    at async TestingInjector.lookupComponentInImports (/Users/josesilva/Documents/Projetos/apiPiorFilme/node_modules/@nestjs/core/injector/injector.js:275:17)
    at async TestingInjector.lookupComponentInParentModules (/Users/josesilva/Documents/Projetos/apiPiorFilme/node_modules/@nestjs/core/injector/injector.js:239:33)
    at async TestingInjector.resolveComponentInstance (/Users/josesilva/Documents/Projetos/apiPiorFilme/node_modules/@nestjs/core/injector/injector.js:194:33)
    at async TestingInjector.resolveComponentInstance (/Users/josesilva/Documents/Projetos/apiPiorFilme/node_modules/@nestjs/testing/testing-injector.js:16:45)
    at async resolveParam (/Users/josesilva/Documents/Projetos/apiPiorFilme/node_modules/@nestjs/core/injector/injector.js:116:38)
    at async Promise.all (index 0)
    at async TestingInjector.resolveConstructorParams (/Users/josesilva/Documents/Projetos/apiPiorFilme/node_modules/@nestjs/core/injector/injector.js:131:27)
    at async TestingInjector.loadInstance (/Users/josesilva/Documents/Projetos/apiPiorFilme/node_modules/@nestjs/core/injector/injector.js:57:13)
    at async TestingInjector.loadProvider (/Users/josesilva/Documents/Projetos/apiPiorFilme/node_modules/@nestjs/core/injector/injector.js:84:9)
    at async Promise.all (index 3)
    at async TestingInstanceLoader.createInstancesOfProviders (/Users/josesilva/Documents/Projetos/apiPiorFilme/node_modules/@nestjs/core/injector/instance-loader.js:47:9)
    at async /Users/josesilva/Documents/Projetos/apiPiorFilme/node_modules/@nestjs/core/injector/instance-loader.js:32:13
    at async Promise.all (index 1)
    at async TestingInstanceLoader.createInstances (/Users/josesilva/Documents/Projetos/apiPiorFilme/node_modules/@nestjs/core/injector/instance-loader.js:31:9)
    at async TestingInstanceLoader.createInstancesOfDependencies (/Users/josesilva/Documents/Projetos/apiPiorFilme/node_modules/@nestjs/core/injector/instance-loader.js:21:9)
    at async TestingInstanceLoader.createInstancesOfDependencies (/Users/josesilva/Documents/Projetos/apiPiorFilme/node_modules/@nestjs/testing/testing-instance-loader.js:14:9)
    at async TestingModuleBuilder.compile (/Users/josesilva/Documents/Projetos/apiPiorFilme/node_modules/@nestjs/testing/testing-module.builder.js:47:9)
    at async Object.&lt;anonymous&gt; (/Users/josesilva/Documents/Projetos/apiPiorFilme/src/api/modules/gra/gra.module.spec.ts:12:14)</failure>
    </testcase>
    <testcase classname="GRAModule should import GRAController" name="GRAModule should import GRAController" time="0.016">
      <failure>Error: Nest can&apos;t resolve dependencies of the GRAFilmesEntityRepository (?). Please make sure that the argument DataSource at index [0] is available in the TypeOrmModule context.

Potential solutions:
- Is TypeOrmModule a valid NestJS module?
- If DataSource is a provider, is it part of the current TypeOrmModule?
- If DataSource is exported from a separate @Module, is that module imported within TypeOrmModule?
  @Module({
    imports: [ /* the Module containing DataSource */ ]
  })

    at TestingInjector.lookupComponentInParentModules (/Users/josesilva/Documents/Projetos/apiPiorFilme/node_modules/@nestjs/core/injector/injector.js:241:19)
    at processTicksAndRejections (node:internal/process/task_queues:95:5)
    at async TestingInjector.resolveComponentInstance (/Users/josesilva/Documents/Projetos/apiPiorFilme/node_modules/@nestjs/core/injector/injector.js:194:33)
    at async TestingInjector.resolveComponentInstance (/Users/josesilva/Documents/Projetos/apiPiorFilme/node_modules/@nestjs/testing/testing-injector.js:16:45)
    at async resolveParam (/Users/josesilva/Documents/Projetos/apiPiorFilme/node_modules/@nestjs/core/injector/injector.js:116:38)
    at async Promise.all (index 0)
    at async TestingInjector.resolveConstructorParams (/Users/josesilva/Documents/Projetos/apiPiorFilme/node_modules/@nestjs/core/injector/injector.js:131:27)
    at async TestingInjector.loadInstance (/Users/josesilva/Documents/Projetos/apiPiorFilme/node_modules/@nestjs/core/injector/injector.js:57:13)
    at async TestingInjector.loadProvider (/Users/josesilva/Documents/Projetos/apiPiorFilme/node_modules/@nestjs/core/injector/injector.js:84:9)
    at async TestingInjector.lookupComponentInImports (/Users/josesilva/Documents/Projetos/apiPiorFilme/node_modules/@nestjs/core/injector/injector.js:275:17)
    at async TestingInjector.lookupComponentInParentModules (/Users/josesilva/Documents/Projetos/apiPiorFilme/node_modules/@nestjs/core/injector/injector.js:239:33)
    at async TestingInjector.resolveComponentInstance (/Users/josesilva/Documents/Projetos/apiPiorFilme/node_modules/@nestjs/core/injector/injector.js:194:33)
    at async TestingInjector.resolveComponentInstance (/Users/josesilva/Documents/Projetos/apiPiorFilme/node_modules/@nestjs/testing/testing-injector.js:16:45)
    at async resolveParam (/Users/josesilva/Documents/Projetos/apiPiorFilme/node_modules/@nestjs/core/injector/injector.js:116:38)
    at async Promise.all (index 0)
    at async TestingInjector.resolveConstructorParams (/Users/josesilva/Documents/Projetos/apiPiorFilme/node_modules/@nestjs/core/injector/injector.js:131:27)
    at async TestingInjector.loadInstance (/Users/josesilva/Documents/Projetos/apiPiorFilme/node_modules/@nestjs/core/injector/injector.js:57:13)
    at async TestingInjector.loadProvider (/Users/josesilva/Documents/Projetos/apiPiorFilme/node_modules/@nestjs/core/injector/injector.js:84:9)
    at async Promise.all (index 3)
    at async TestingInstanceLoader.createInstancesOfProviders (/Users/josesilva/Documents/Projetos/apiPiorFilme/node_modules/@nestjs/core/injector/instance-loader.js:47:9)
    at async /Users/josesilva/Documents/Projetos/apiPiorFilme/node_modules/@nestjs/core/injector/instance-loader.js:32:13
    at async Promise.all (index 1)
    at async TestingInstanceLoader.createInstances (/Users/josesilva/Documents/Projetos/apiPiorFilme/node_modules/@nestjs/core/injector/instance-loader.js:31:9)
    at async TestingInstanceLoader.createInstancesOfDependencies (/Users/josesilva/Documents/Projetos/apiPiorFilme/node_modules/@nestjs/core/injector/instance-loader.js:21:9)
    at async TestingInstanceLoader.createInstancesOfDependencies (/Users/josesilva/Documents/Projetos/apiPiorFilme/node_modules/@nestjs/testing/testing-instance-loader.js:14:9)
    at async TestingModuleBuilder.compile (/Users/josesilva/Documents/Projetos/apiPiorFilme/node_modules/@nestjs/testing/testing-module.builder.js:47:9)
    at async Object.&lt;anonymous&gt; (/Users/josesilva/Documents/Projetos/apiPiorFilme/src/api/modules/gra/gra.module.spec.ts:12:14)</failure>
    </testcase>
    <testcase classname="GRAModule should import GRAService" name="GRAModule should import GRAService" time="0.016">
      <failure>Error: Nest can&apos;t resolve dependencies of the GRAFilmesEntityRepository (?). Please make sure that the argument DataSource at index [0] is available in the TypeOrmModule context.

Potential solutions:
- Is TypeOrmModule a valid NestJS module?
- If DataSource is a provider, is it part of the current TypeOrmModule?
- If DataSource is exported from a separate @Module, is that module imported within TypeOrmModule?
  @Module({
    imports: [ /* the Module containing DataSource */ ]
  })

    at TestingInjector.lookupComponentInParentModules (/Users/josesilva/Documents/Projetos/apiPiorFilme/node_modules/@nestjs/core/injector/injector.js:241:19)
    at processTicksAndRejections (node:internal/process/task_queues:95:5)
    at async TestingInjector.resolveComponentInstance (/Users/josesilva/Documents/Projetos/apiPiorFilme/node_modules/@nestjs/core/injector/injector.js:194:33)
    at async TestingInjector.resolveComponentInstance (/Users/josesilva/Documents/Projetos/apiPiorFilme/node_modules/@nestjs/testing/testing-injector.js:16:45)
    at async resolveParam (/Users/josesilva/Documents/Projetos/apiPiorFilme/node_modules/@nestjs/core/injector/injector.js:116:38)
    at async Promise.all (index 0)
    at async TestingInjector.resolveConstructorParams (/Users/josesilva/Documents/Projetos/apiPiorFilme/node_modules/@nestjs/core/injector/injector.js:131:27)
    at async TestingInjector.loadInstance (/Users/josesilva/Documents/Projetos/apiPiorFilme/node_modules/@nestjs/core/injector/injector.js:57:13)
    at async TestingInjector.loadProvider (/Users/josesilva/Documents/Projetos/apiPiorFilme/node_modules/@nestjs/core/injector/injector.js:84:9)
    at async TestingInjector.lookupComponentInImports (/Users/josesilva/Documents/Projetos/apiPiorFilme/node_modules/@nestjs/core/injector/injector.js:275:17)
    at async TestingInjector.lookupComponentInParentModules (/Users/josesilva/Documents/Projetos/apiPiorFilme/node_modules/@nestjs/core/injector/injector.js:239:33)
    at async TestingInjector.resolveComponentInstance (/Users/josesilva/Documents/Projetos/apiPiorFilme/node_modules/@nestjs/core/injector/injector.js:194:33)
    at async TestingInjector.resolveComponentInstance (/Users/josesilva/Documents/Projetos/apiPiorFilme/node_modules/@nestjs/testing/testing-injector.js:16:45)
    at async resolveParam (/Users/josesilva/Documents/Projetos/apiPiorFilme/node_modules/@nestjs/core/injector/injector.js:116:38)
    at async Promise.all (index 0)
    at async TestingInjector.resolveConstructorParams (/Users/josesilva/Documents/Projetos/apiPiorFilme/node_modules/@nestjs/core/injector/injector.js:131:27)
    at async TestingInjector.loadInstance (/Users/josesilva/Documents/Projetos/apiPiorFilme/node_modules/@nestjs/core/injector/injector.js:57:13)
    at async TestingInjector.loadProvider (/Users/josesilva/Documents/Projetos/apiPiorFilme/node_modules/@nestjs/core/injector/injector.js:84:9)
    at async Promise.all (index 3)
    at async TestingInstanceLoader.createInstancesOfProviders (/Users/josesilva/Documents/Projetos/apiPiorFilme/node_modules/@nestjs/core/injector/instance-loader.js:47:9)
    at async /Users/josesilva/Documents/Projetos/apiPiorFilme/node_modules/@nestjs/core/injector/instance-loader.js:32:13
    at async Promise.all (index 1)
    at async TestingInstanceLoader.createInstances (/Users/josesilva/Documents/Projetos/apiPiorFilme/node_modules/@nestjs/core/injector/instance-loader.js:31:9)
    at async TestingInstanceLoader.createInstancesOfDependencies (/Users/josesilva/Documents/Projetos/apiPiorFilme/node_modules/@nestjs/core/injector/instance-loader.js:21:9)
    at async TestingInstanceLoader.createInstancesOfDependencies (/Users/josesilva/Documents/Projetos/apiPiorFilme/node_modules/@nestjs/testing/testing-instance-loader.js:14:9)
    at async TestingModuleBuilder.compile (/Users/josesilva/Documents/Projetos/apiPiorFilme/node_modules/@nestjs/testing/testing-module.builder.js:47:9)
    at async Object.&lt;anonymous&gt; (/Users/josesilva/Documents/Projetos/apiPiorFilme/src/api/modules/gra/gra.module.spec.ts:12:14)</failure>
    </testcase>
  </testsuite>
</testsuites>