<?xml version="1.0" encoding="UTF-8"?>
<testsuites name="jests tests" tests="4" failures="0" errors="0" time="2.911">
  <testsuite name="GRAController" errors="0" failures="0" skipped="0" timestamp="2024-04-08T22:16:45" time="2.856" tests="4">
    <testcase classname="GRAController should be defined" name="GRAController should be defined" time="0.017">
    </testcase>
    <testcase classname="GRAController getAll should return array of movies" name="GRAController getAll should return array of movies" time="0.009">
    </testcase>
    <testcase classname="GRAController getProducerIntervals should return min and max producer intervals" name="GRAController getProducerIntervals should return min and max producer intervals" time="0.006">
    </testcase>
    <testcase classname="GRAController postRanking should create a movie" name="GRAController postRanking should create a movie" time="0.005">
    </testcase>
  </testsuite>
</testsuites>